<?xml version="1.0" encoding="UTF-8"?>
<!-- Generated by org.testng.reporters.JUnitReportReporter -->
<testsuite hostname="ESAN-HP" failures="0" tests="1" name="test.com.GoogleSearchTest" time="2.489" errors="0" timestamp="20 Jan 2024 17:19:31 GMT">
  <testcase classname="test.com.GoogleSearchTest" name="testFacebook" time="2.489"/>
</testsuite> <!-- test.com.GoogleSearchTest -->
